q:\bts 2eme annee\informatique et reseaux\c++ 2048\jeu2048\jeu2048\x64\debug\vc120.pdb
q:\bts 2eme annee\informatique et reseaux\c++ 2048\jeu2048\jeu2048\x64\debug\vc120.idb
q:\bts 2eme annee\informatique et reseaux\c++ 2048\jeu2048\jeu2048\x64\debug\jeu2048.obj
q:\bts 2eme annee\informatique et reseaux\c++ 2048\jeu2048\jeu2048\x64\debug\fenetre.obj
q:\bts 2eme annee\informatique et reseaux\c++ 2048\jeu2048\jeu2048\x64\debug\score.obj
q:\bts 2eme annee\informatique et reseaux\c++ 2048\jeu2048\jeu2048\x64\debug\damier.obj
q:\bts 2eme annee\informatique et reseaux\c++ 2048\jeu2048\jeu2048\x64\debug\joueurs.obj
q:\bts 2eme annee\informatique et reseaux\c++ 2048\jeu2048\jeu2048\x64\debug\jeton.obj
q:\bts 2eme annee\informatique et reseaux\c++ 2048\jeu2048\jeu2048\x64\debug\damiertest.obj
q:\bts 2eme annee\informatique et reseaux\c++ 2048\jeu2048\jeu2048\x64\debug\modele.obj
q:\bts 2eme annee\informatique et reseaux\c++ 2048\jeu2048\jeu2048\x64\debug\statistique.obj
q:\bts 2eme annee\informatique et reseaux\c++ 2048\jeu2048\jeu2048\x64\debug\jeu2048.res
q:\bts 2eme annee\informatique et reseaux\c++ 2048\jeu2048\x64\debug\jeu2048.pdb
q:\bts 2eme annee\informatique et reseaux\c++ 2048\jeu2048\jeu2048\x64\debug\jeu2048.tlog\cl.command.1.tlog
q:\bts 2eme annee\informatique et reseaux\c++ 2048\jeu2048\jeu2048\x64\debug\jeu2048.tlog\cl.read.1.tlog
q:\bts 2eme annee\informatique et reseaux\c++ 2048\jeu2048\jeu2048\x64\debug\jeu2048.tlog\cl.write.1.tlog
q:\bts 2eme annee\informatique et reseaux\c++ 2048\jeu2048\jeu2048\x64\debug\jeu2048.tlog\link-cvtres.read.1.tlog
q:\bts 2eme annee\informatique et reseaux\c++ 2048\jeu2048\jeu2048\x64\debug\jeu2048.tlog\link-cvtres.write.1.tlog
q:\bts 2eme annee\informatique et reseaux\c++ 2048\jeu2048\jeu2048\x64\debug\jeu2048.tlog\link-rc.read.1.tlog
q:\bts 2eme annee\informatique et reseaux\c++ 2048\jeu2048\jeu2048\x64\debug\jeu2048.tlog\link-rc.write.1.tlog
q:\bts 2eme annee\informatique et reseaux\c++ 2048\jeu2048\jeu2048\x64\debug\jeu2048.tlog\link.11580-cvtres.read.1.tlog
q:\bts 2eme annee\informatique et reseaux\c++ 2048\jeu2048\jeu2048\x64\debug\jeu2048.tlog\link.11580-cvtres.write.1.tlog
q:\bts 2eme annee\informatique et reseaux\c++ 2048\jeu2048\jeu2048\x64\debug\jeu2048.tlog\link.11580-rc.read.1.tlog
q:\bts 2eme annee\informatique et reseaux\c++ 2048\jeu2048\jeu2048\x64\debug\jeu2048.tlog\link.11580-rc.write.1.tlog
q:\bts 2eme annee\informatique et reseaux\c++ 2048\jeu2048\jeu2048\x64\debug\jeu2048.tlog\link.11580.read.1.tlog
q:\bts 2eme annee\informatique et reseaux\c++ 2048\jeu2048\jeu2048\x64\debug\jeu2048.tlog\link.11580.write.1.tlog
q:\bts 2eme annee\informatique et reseaux\c++ 2048\jeu2048\jeu2048\x64\debug\jeu2048.tlog\link.command.1.tlog
q:\bts 2eme annee\informatique et reseaux\c++ 2048\jeu2048\jeu2048\x64\debug\jeu2048.tlog\link.read.1.tlog
q:\bts 2eme annee\informatique et reseaux\c++ 2048\jeu2048\jeu2048\x64\debug\jeu2048.tlog\link.write.1.tlog
q:\bts 2eme annee\informatique et reseaux\c++ 2048\jeu2048\jeu2048\x64\debug\jeu2048.tlog\rc.command.1.tlog
q:\bts 2eme annee\informatique et reseaux\c++ 2048\jeu2048\jeu2048\x64\debug\jeu2048.tlog\rc.read.1.tlog
q:\bts 2eme annee\informatique et reseaux\c++ 2048\jeu2048\jeu2048\x64\debug\jeu2048.tlog\rc.write.1.tlog
